[debug] [2022-01-14T05:08:21.182Z] ----------------------------------------------------------------------
[debug] [2022-01-14T05:08:21.205Z] Command:       C:\Program Files\nodejs\node.exe C:\Users\santosh\AppData\Roaming\npm\node_modules\firebase-tools\lib\bin\firebase.js init
[debug] [2022-01-14T05:08:21.209Z] CLI Version:   10.1.0
[debug] [2022-01-14T05:08:21.210Z] Platform:      win32
[debug] [2022-01-14T05:08:21.211Z] Node Version:  v16.13.1
[debug] [2022-01-14T05:08:21.744Z] Time:          Fri Jan 14 2022 10:38:21 GMT+0530 (India Standard Time)
[debug] [2022-01-14T05:08:21.746Z] ----------------------------------------------------------------------
[debug] 
[debug] [2022-01-14T05:08:21.907Z] > command requires scopes: ["email","openid","https://www.googleapis.com/auth/cloudplatformprojects.readonly","https://www.googleapis.com/auth/firebase","https://www.googleapis.com/auth/cloud-platform"]
[debug] [2022-01-14T05:08:21.910Z] > authorizing via signed-in user (cool3singh@gmail.com)
[info] 
     ######## #### ########  ######## ########     ###     ######  ########
     ##        ##  ##     ## ##       ##     ##  ##   ##  ##       ##
     ######    ##  ########  ######   ########  #########  ######  ######
     ##        ##  ##    ##  ##       ##     ## ##     ##       ## ##
     ##       #### ##     ## ######## ########  ##     ##  ######  ########

You're about to initialize a Firebase project in this directory:

  C:\Users\santosh\Desktop\MAD\whatsapp\whatsapp

[info] 
=== Project Setup
[info] 
[info] First, let's associate this project directory with a Firebase project.
[info] You can create multiple project aliases by running firebase use --add, 
[info] but for now we'll just set up a default project.
[info] 
[debug] [2022-01-14T05:08:54.905Z] > refreshing access token with scopes: []
[debug] [2022-01-14T05:08:54.908Z] >>> HTTP REQUEST POST https://www.googleapis.com/oauth2/v3/token  
 <request body omitted>
[debug] [2022-01-14T05:08:56.028Z] <<< HTTP RESPONSE 200 {"pragma":"no-cache","date":"Fri, 14 Jan 2022 05:08:55 GMT","expires":"Mon, 01 Jan 1990 00:00:00 GMT","cache-control":"no-cache, no-store, max-age=0, must-revalidate","content-type":"application/json; charset=utf-8","vary":"X-Origin, Referer, Origin,Accept-Encoding","server":"scaffolding on HTTPServer2","x-xss-protection":"0","x-frame-options":"SAMEORIGIN","x-content-type-options":"nosniff","alt-svc":"h3=\":443\"; ma=2592000,h3-29=\":443\"; ma=2592000,h3-Q050=\":443\"; ma=2592000,h3-Q046=\":443\"; ma=2592000,h3-Q043=\":443\"; ma=2592000,quic=\":443\"; ma=2592000; v=\"46,43\"","accept-ranges":"none","transfer-encoding":"chunked"}
[debug] [2022-01-14T05:08:56.243Z] >>> [apiv2][query] GET https://firebase.googleapis.com/v1beta1/projects pageSize=100
[debug] [2022-01-14T05:08:57.438Z] <<< [apiv2][status] GET https://firebase.googleapis.com/v1beta1/projects 200
[debug] [2022-01-14T05:08:57.440Z] <<< [apiv2][body] GET https://firebase.googleapis.com/v1beta1/projects [omitted]
[info] i  Using project whatsapp-2-e7e5c (whatsapp-2) 
[info] 
=== Hosting Setup
[info] 
[info] Your public directory is the folder (relative to your project directory) that
[info] will contain Hosting assets to be uploaded with firebase deploy. If you
[info] have a build process for your assets, use your build's output directory.
[info] 
